[INFO  - 2014-06-21T16:33:08.790Z] GhostDriver - Main - running on port 11365
[INFO  - 2014-06-21T16:33:09.483Z] Session [baf18060-f961-11e3-887b-d9956f8d2ea4] - page.settings - {"XSSAuditingEnabled":false,"javascriptCanCloseWindows":true,"javascriptCanOpenWindows":true,"javascriptEnabled":true,"loadImages":true,"localToRemoteUrlAccessEnabled":false,"userAgent":"Mozilla/5.0 (Windows NT 6.1) AppleWebKit/534.34 (KHTML, like Gecko) PhantomJS/1.9.7 Safari/534.34","webSecurityEnabled":true}
[INFO  - 2014-06-21T16:33:09.483Z] Session [baf18060-f961-11e3-887b-d9956f8d2ea4] - page.customHeaders:  - {}
[INFO  - 2014-06-21T16:33:09.483Z] Session [baf18060-f961-11e3-887b-d9956f8d2ea4] - Session.negotiatedCapabilities - {"browserName":"phantomjs","version":"1.9.7","driverName":"ghostdriver","driverVersion":"1.1.0","platform":"windows-7-32bit","javascriptEnabled":true,"takesScreenshot":true,"handlesAlerts":false,"databaseEnabled":false,"locationContextEnabled":false,"applicationCacheEnabled":false,"browserConnectionEnabled":false,"cssSelectorsEnabled":true,"webStorageEnabled":false,"rotatable":false,"acceptSslCerts":false,"nativeEvents":true,"proxy":{"proxyType":"direct"}}
[INFO  - 2014-06-21T16:33:09.484Z] SessionManagerReqHand - _postNewSessionCommand - New Session Created: baf18060-f961-11e3-887b-d9956f8d2ea4
[INFO  - 2014-06-21T16:38:08.781Z] SessionManagerReqHand - _cleanupWindowlessSessions - Asynchronous Sessions clean-up phase starting NOW
[INFO  - 2014-06-21T16:38:08.782Z] SessionManagerReqHand - _cleanupWindowlessSessions - Deleted Session 'baf18060-f961-11e3-887b-d9956f8d2ea4', because windowless
mages":true,"localToRemoteUrlAccessEnabled":false,"userAgent":"Mozilla/5.0 (Windows NT 6.1) AppleWebKit/534.34 (KHTML, like Gecko) PhantomJS/1.9.7 Safari/534.34","webSecurityEnabled":true}
[INFO  - 2014-06-21T16:36:01.690Z] Session [21960d40-f962-11e3-8999-45c2f00fc079] - page.customHeaders:  - {}
[INFO  - 2014-06-21T16:36:01.690Z] Session [21960d40-f962-11e3-8999-45c2f00fc079] - Session.negotiatedCapabilities - {"browserName":"phantomjs","version":"1.9.7","driverName":"ghostdriver","driverVersion":"1.1.0","platform":"windows-7-32bit","javascriptEnabled":true,"takesScreenshot":true,"handlesAlerts":false,"databaseEnabled":false,"locationContextEnabled":false,"applicationCacheEnabled":false,"browserConnectionEnabled":false,"cssSelectorsEnabled":true,"webStorageEnabled":false,"rotatable":false,"acceptSslCerts":false,"nativeEvents":true,"proxy":{"proxyType":"direct"}}
[INFO  - 2014-06-21T16:36:01.691Z] SessionManagerReqHand - _postNewSessionCommand - New Session Created: 21960d40-f962-11e3-8999-45c2f00fc079
[INFO  - 2014-06-21T16:41:00.959Z] SessionManagerReqHand - _cleanupWindowlessSessions - Asynchronous Sessions clean-up phase starting NOW
[INFO  - 2014-06-21T16:41:00.960Z] SessionManagerReqHand - _cleanupWindowlessSessions - Deleted Session '21960d40-f962-11e3-8999-45c2f00fc079', because windowless
[INFO  - 2014-06-21T16:41:25.969Z] GhostDriver - Main - running on port 35330
[INFO  - 2014-06-21T16:41:26.770Z] Session [e35904a0-f962-11e3-a61e-ff311b6fc000] - page.settings - {"XSSAuditingEnabled":false,"javascriptCanCloseWindows":true,"javascriptCanOpenWindows":true,"javascriptEnabled":true,"loadImages":true,"localToRemoteUrlAccessEnabled":false,"userAgent":"Mozilla/5.0 (Windows NT 6.1) AppleWebKit/534.34 (KHTML, like Gecko) PhantomJS/1.9.7 Safari/534.34","webSecurityEnabled":true}
[INFO  - 2014-06-21T16:41:26.770Z] Session [e35904a0-f962-11e3-a61e-ff311b6fc000] - page.customHeaders:  - {}
[INFO  - 2014-06-21T16:41:26.770Z] Session [e35904a0-f962-11e3-a61e-ff311b6fc000] - Session.negotiatedCapabilities - {"browserName":"phantomjs","version":"1.9.7","driverName":"ghostdriver","driverVersion":"1.1.0","platform":"windows-7-32bit","javascriptEnabled":true,"takesScreenshot":true,"handlesAlerts":false,"databaseEnabled":false,"locationContextEnabled":false,"applicationCacheEnabled":false,"browserConnectionEnabled":false,"cssSelectorsEnabled":true,"webStorageEnabled":false,"rotatable":false,"acceptSslCerts":false,"nativeEvents":true,"proxy":{"proxyType":"direct"}}
[INFO  - 2014-06-21T16:41:26.770Z] SessionManagerReqHand - _postNewSessionCommand - New Session Created: e35904a0-f962-11e3-a61e-ff311b6fc000
[INFO  - 2014-06-21T16:46:25.963Z] SessionManagerReqHand - _cleanupWindowlessSessions - Asynchronous Sessions clean-up phase starting NOW
[INFO  - 2014-06-21T16:46:25.963Z] SessionManagerReqHand - _cleanupWindowlessSessions - Deleted Session 'e35904a0-f962-11e3-a61e-ff311b6fc000', because windowless
[INFO  - 2014-06-21T17:17:41.992Z] GhostDriver - Main - running on port 38161
[INFO  - 2014-06-21T17:17:42.805Z] Session [f45e1100-f967-11e3-9fa0-e931dcaeb019] - page.settings - {"XSSAuditingEnabled":false,"javascriptCanCloseWindows":true,"javascriptCanOpenWindows":true,"javascriptEnabled":true,"loadImages":true,"localToRemoteUrlAccessEnabled":false,"userAgent":"Mozilla/5.0 (Windows NT 6.1) AppleWebKit/534.34 (KHTML, like Gecko) PhantomJS/1.9.7 Safari/534.34","webSecurityEnabled":true}
[INFO  - 2014-06-21T17:17:42.805Z] Session [f45e1100-f967-11e3-9fa0-e931dcaeb019] - page.customHeaders:  - {}
[INFO  - 2014-06-21T17:17:42.805Z] Session [f45e1100-f967-11e3-9fa0-e931dcaeb019] - Session.negotiatedCapabilities - {"browserName":"phantomjs","version":"1.9.7","driverName":"ghostdriver","driverVersion":"1.1.0","platform":"windows-7-32bit","javascriptEnabled":true,"takesScreenshot":true,"handlesAlerts":false,"databaseEnabled":false,"locationContextEnabled":false,"applicationCacheEnabled":false,"browserConnectionEnabled":false,"cssSelectorsEnabled":true,"webStorageEnabled":false,"rotatable":false,"acceptSslCerts":false,"nativeEvents":true,"proxy":{"proxyType":"direct"}}
[INFO  - 2014-06-21T17:17:42.805Z] SessionManagerReqHand - _postNewSessionCommand - New Session Created: f45e1100-f967-11e3-9fa0-e931dcaeb019
[INFO  - 2014-06-21T17:22:41.993Z] SessionManagerReqHand - _cleanupWindowlessSessions - Asynchronous Sessions clean-up phase starting NOW
[INFO  - 2014-06-21T17:22:41.994Z] SessionManagerReqHand - _cleanupWindowlessSessions - Deleted Session 'f45e1100-f967-11e3-9fa0-e931dcaeb019', because windowless
Images":true,"localToRemoteUrlAccessEnabled":false,"userAgent":"Mozilla/5.0 (Windows NT 6.1) AppleWebKit/534.34 (KHTML, like Gecko) PhantomJS/1.9.7 Safari/534.34","webSecurityEnabled":true}
[INFO  - 2014-06-21T17:17:55.770Z] Session [fc185e50-f967-11e3-92b5-2dda86abae1d] - page.customHeaders:  - {}
[INFO  - 2014-06-21T17:17:55.771Z] Session [fc185e50-f967-11e3-92b5-2dda86abae1d] - Session.negotiatedCapabilities - {"browserName":"phantomjs","version":"1.9.7","driverName":"ghostdriver","driverVersion":"1.1.0","platform":"windows-7-32bit","javascriptEnabled":true,"takesScreenshot":true,"handlesAlerts":false,"databaseEnabled":false,"locationContextEnabled":false,"applicationCacheEnabled":false,"browserConnectionEnabled":false,"cssSelectorsEnabled":true,"webStorageEnabled":false,"rotatable":false,"acceptSslCerts":false,"nativeEvents":true,"proxy":{"proxyType":"direct"}}
[INFO  - 2014-06-21T17:17:55.771Z] SessionManagerReqHand - _postNewSessionCommand - New Session Created: fc185e50-f967-11e3-92b5-2dda86abae1d
[INFO  - 2014-06-21T17:22:55.499Z] SessionManagerReqHand - _cleanupWindowlessSessions - Asynchronous Sessions clean-up phase starting NOW
[INFO  - 2014-06-21T17:22:55.525Z] SessionManagerReqHand - _cleanupWindowlessSessions - Deleted Session 'fc185e50-f967-11e3-92b5-2dda86abae1d', because windowless
Images":true,"localToRemoteUrlAccessEnabled":false,"userAgent":"Mozilla/5.0 (Windows NT 6.1) AppleWebKit/534.34 (KHTML, like Gecko) PhantomJS/1.9.7 Safari/534.34","webSecurityEnabled":true}
[INFO  - 2014-06-21T17:17:58.872Z] Session [fdf13d00-f967-11e3-a0ec-d5964a3cb9c1] - page.customHeaders:  - {}
[INFO  - 2014-06-21T17:17:58.872Z] Session [fdf13d00-f967-11e3-a0ec-d5964a3cb9c1] - Session.negotiatedCapabilities - {"browserName":"phantomjs","version":"1.9.7","driverName":"ghostdriver","driverVersion":"1.1.0","platform":"windows-7-32bit","javascriptEnabled":true,"takesScreenshot":true,"handlesAlerts":false,"databaseEnabled":false,"locationContextEnabled":false,"applicationCacheEnabled":false,"browserConnectionEnabled":false,"cssSelectorsEnabled":true,"webStorageEnabled":false,"rotatable":false,"acceptSslCerts":false,"nativeEvents":true,"proxy":{"proxyType":"direct"}}
[INFO  - 2014-06-21T17:17:58.872Z] SessionManagerReqHand - _postNewSessionCommand - New Session Created: fdf13d00-f967-11e3-a0ec-d5964a3cb9c1
[INFO  - 2014-06-21T17:22:58.630Z] SessionManagerReqHand - _cleanupWindowlessSessions - Asynchronous Sessions clean-up phase starting NOW
[INFO  - 2014-06-21T17:22:58.630Z] SessionManagerReqHand - _cleanupWindowlessSessions - Deleted Session 'fdf13d00-f967-11e3-a0ec-d5964a3cb9c1', because windowless
Images":true,"localToRemoteUrlAccessEnabled":false,"userAgent":"Mozilla/5.0 (Windows NT 6.1) AppleWebKit/534.34 (KHTML, like Gecko) PhantomJS/1.9.7 Safari/534.34","webSecurityEnabled":true}
[INFO  - 2014-06-21T17:18:09.839Z] Session [047b20a0-f968-11e3-a3a2-85307fe8c019] - page.customHeaders:  - {}
[INFO  - 2014-06-21T17:18:09.839Z] Session [047b20a0-f968-11e3-a3a2-85307fe8c019] - Session.negotiatedCapabilities - {"browserName":"phantomjs","version":"1.9.7","driverName":"ghostdriver","driverVersion":"1.1.0","platform":"windows-7-32bit","javascriptEnabled":true,"takesScreenshot":true,"handlesAlerts":false,"databaseEnabled":false,"locationContextEnabled":false,"applicationCacheEnabled":false,"browserConnectionEnabled":false,"cssSelectorsEnabled":true,"webStorageEnabled":false,"rotatable":false,"acceptSslCerts":false,"nativeEvents":true,"proxy":{"proxyType":"direct"}}
[INFO  - 2014-06-21T17:18:09.839Z] SessionManagerReqHand - _postNewSessionCommand - New Session Created: 047b20a0-f968-11e3-a3a2-85307fe8c019
[INFO  - 2014-06-21T17:23:09.859Z] SessionManagerReqHand - _cleanupWindowlessSessions - Asynchronous Sessions clean-up phase starting NOW
[INFO  - 2014-06-21T17:23:09.904Z] SessionManagerReqHand - _cleanupWindowlessSessions - Deleted Session '047b20a0-f968-11e3-a3a2-85307fe8c019', because windowless
Images":true,"localToRemoteUrlAccessEnabled":false,"userAgent":"Mozilla/5.0 (Windows NT 6.1) AppleWebKit/534.34 (KHTML, like Gecko) PhantomJS/1.9.7 Safari/534.34","webSecurityEnabled":true}
[INFO  - 2014-06-21T17:18:26.313Z] Session [0e4b55a0-f968-11e3-a71e-633b31e30150] - page.customHeaders:  - {}
[INFO  - 2014-06-21T17:18:26.313Z] Session [0e4b55a0-f968-11e3-a71e-633b31e30150] - Session.negotiatedCapabilities - {"browserName":"phantomjs","version":"1.9.7","driverName":"ghostdriver","driverVersion":"1.1.0","platform":"windows-7-32bit","javascriptEnabled":true,"takesScreenshot":true,"handlesAlerts":false,"databaseEnabled":false,"locationContextEnabled":false,"applicationCacheEnabled":false,"browserConnectionEnabled":false,"cssSelectorsEnabled":true,"webStorageEnabled":false,"rotatable":false,"acceptSslCerts":false,"nativeEvents":true,"proxy":{"proxyType":"direct"}}
[INFO  - 2014-06-21T17:18:26.313Z] SessionManagerReqHand - _postNewSessionCommand - New Session Created: 0e4b55a0-f968-11e3-a71e-633b31e30150
[INFO  - 2014-06-21T17:23:25.974Z] SessionManagerReqHand - _cleanupWindowlessSessions - Asynchronous Sessions clean-up phase starting NOW
[INFO  - 2014-06-21T17:23:25.974Z] SessionManagerReqHand - _cleanupWindowlessSessions - Deleted Session '0e4b55a0-f968-11e3-a71e-633b31e30150', because windowless
Images":true,"localToRemoteUrlAccessEnabled":false,"userAgent":"Mozilla/5.0 (Windows NT 6.1) AppleWebKit/534.34 (KHTML, like Gecko) PhantomJS/1.9.7 Safari/534.34","webSecurityEnabled":true}
[INFO  - 2014-06-21T17:18:32.224Z] Session [11d2a7a0-f968-11e3-a05b-97f4c0d3e3df] - page.customHeaders:  - {}
[INFO  - 2014-06-21T17:18:32.224Z] Session [11d2a7a0-f968-11e3-a05b-97f4c0d3e3df] - Session.negotiatedCapabilities - {"browserName":"phantomjs","version":"1.9.7","driverName":"ghostdriver","driverVersion":"1.1.0","platform":"windows-7-32bit","javascriptEnabled":true,"takesScreenshot":true,"handlesAlerts":false,"databaseEnabled":false,"locationContextEnabled":false,"applicationCacheEnabled":false,"browserConnectionEnabled":false,"cssSelectorsEnabled":true,"webStorageEnabled":false,"rotatable":false,"acceptSslCerts":false,"nativeEvents":true,"proxy":{"proxyType":"direct"}}
[INFO  - 2014-06-21T17:18:32.224Z] SessionManagerReqHand - _postNewSessionCommand - New Session Created: 11d2a7a0-f968-11e3-a05b-97f4c0d3e3df
[INFO  - 2014-06-21T17:23:31.829Z] SessionManagerReqHand - _cleanupWindowlessSessions - Asynchronous Sessions clean-up phase starting NOW
[INFO  - 2014-06-21T17:23:31.829Z] SessionManagerReqHand - _cleanupWindowlessSessions - Deleted Session '11d2a7a0-f968-11e3-a05b-97f4c0d3e3df', because windowless
Images":true,"localToRemoteUrlAccessEnabled":false,"userAgent":"Mozilla/5.0 (Windows NT 6.1) AppleWebKit/534.34 (KHTML, like Gecko) PhantomJS/1.9.7 Safari/534.34","webSecurityEnabled":true}
[INFO  - 2014-06-21T17:18:52.262Z] Session [1dc43600-f968-11e3-b21f-b37c9c952103] - page.customHeaders:  - {}
[INFO  - 2014-06-21T17:18:52.262Z] Session [1dc43600-f968-11e3-b21f-b37c9c952103] - Session.negotiatedCapabilities - {"browserName":"phantomjs","version":"1.9.7","driverName":"ghostdriver","driverVersion":"1.1.0","platform":"windows-7-32bit","javascriptEnabled":true,"takesScreenshot":true,"handlesAlerts":false,"databaseEnabled":false,"locationContextEnabled":false,"applicationCacheEnabled":false,"browserConnectionEnabled":false,"cssSelectorsEnabled":true,"webStorageEnabled":false,"rotatable":false,"acceptSslCerts":false,"nativeEvents":true,"proxy":{"proxyType":"direct"}}
[INFO  - 2014-06-21T17:18:52.262Z] SessionManagerReqHand - _postNewSessionCommand - New Session Created: 1dc43600-f968-11e3-b21f-b37c9c952103
[INFO  - 2014-06-21T17:23:51.888Z] SessionManagerReqHand - _cleanupWindowlessSessions - Asynchronous Sessions clean-up phase starting NOW
[INFO  - 2014-06-21T17:23:51.888Z] SessionManagerReqHand - _cleanupWindowlessSessions - Deleted Session '1dc43600-f968-11e3-b21f-b37c9c952103', because windowless
Images":true,"localToRemoteUrlAccessEnabled":false,"userAgent":"Mozilla/5.0 (Windows NT 6.1) AppleWebKit/534.34 (KHTML, like Gecko) PhantomJS/1.9.7 Safari/534.34","webSecurityEnabled":true}
[INFO  - 2014-06-21T17:19:00.796Z] Session [22da6560-f968-11e3-91bf-f99bdb56d2b4] - page.customHeaders:  - {}
[INFO  - 2014-06-21T17:19:00.796Z] Session [22da6560-f968-11e3-91bf-f99bdb56d2b4] - Session.negotiatedCapabilities - {"browserName":"phantomjs","version":"1.9.7","driverName":"ghostdriver","driverVersion":"1.1.0","platform":"windows-7-32bit","javascriptEnabled":true,"takesScreenshot":true,"handlesAlerts":false,"databaseEnabled":false,"locationContextEnabled":false,"applicationCacheEnabled":false,"browserConnectionEnabled":false,"cssSelectorsEnabled":true,"webStorageEnabled":false,"rotatable":false,"acceptSslCerts":false,"nativeEvents":true,"proxy":{"proxyType":"direct"}}
[INFO  - 2014-06-21T17:19:00.797Z] SessionManagerReqHand - _postNewSessionCommand - New Session Created: 22da6560-f968-11e3-91bf-f99bdb56d2b4
[INFO  - 2014-06-21T17:24:00.606Z] SessionManagerReqHand - _cleanupWindowlessSessions - Asynchronous Sessions clean-up phase starting NOW
[INFO  - 2014-06-21T17:24:00.654Z] SessionManagerReqHand - _cleanupWindowlessSessions - Deleted Session '22da6560-f968-11e3-91bf-f99bdb56d2b4', because windowless
mages":true,"localToRemoteUrlAccessEnabled":false,"userAgent":"Mozilla/5.0 (Windows NT 6.1) AppleWebKit/534.34 (KHTML, like Gecko) PhantomJS/1.9.7 Safari/534.34","webSecurityEnabled":true}
[INFO  - 2014-06-21T17:19:13.904Z] Session [2aa8fe00-f968-11e3-bb84-75ed5caae9fd] - page.customHeaders:  - {}
[INFO  - 2014-06-21T17:19:13.905Z] Session [2aa8fe00-f968-11e3-bb84-75ed5caae9fd] - Session.negotiatedCapabilities - {"browserName":"phantomjs","version":"1.9.7","driverName":"ghostdriver","driverVersion":"1.1.0","platform":"windows-7-32bit","javascriptEnabled":true,"takesScreenshot":true,"handlesAlerts":false,"databaseEnabled":false,"locationContextEnabled":false,"applicationCacheEnabled":false,"browserConnectionEnabled":false,"cssSelectorsEnabled":true,"webStorageEnabled":false,"rotatable":false,"acceptSslCerts":false,"nativeEvents":true,"proxy":{"proxyType":"direct"}}
[INFO  - 2014-06-21T17:19:13.905Z] SessionManagerReqHand - _postNewSessionCommand - New Session Created: 2aa8fe00-f968-11e3-bb84-75ed5caae9fd
[INFO  - 2014-06-21T17:24:13.823Z] SessionManagerReqHand - _cleanupWindowlessSessions - Asynchronous Sessions clean-up phase starting NOW
[INFO  - 2014-06-21T17:24:13.877Z] SessionManagerReqHand - _cleanupWindowlessSessions - Deleted Session '2aa8fe00-f968-11e3-bb84-75ed5caae9fd', because windowless
Images":true,"localToRemoteUrlAccessEnabled":false,"userAgent":"Mozilla/5.0 (Windows NT 6.1) AppleWebKit/534.34 (KHTML, like Gecko) PhantomJS/1.9.7 Safari/534.34","webSecurityEnabled":true}
[INFO  - 2014-06-21T17:19:22.098Z] Session [2f8cd2c0-f968-11e3-8d75-d7dccc530cb7] - page.customHeaders:  - {}
[INFO  - 2014-06-21T17:19:22.098Z] Session [2f8cd2c0-f968-11e3-8d75-d7dccc530cb7] - Session.negotiatedCapabilities - {"browserName":"phantomjs","version":"1.9.7","driverName":"ghostdriver","driverVersion":"1.1.0","platform":"windows-7-32bit","javascriptEnabled":true,"takesScreenshot":true,"handlesAlerts":false,"databaseEnabled":false,"locationContextEnabled":false,"applicationCacheEnabled":false,"browserConnectionEnabled":false,"cssSelectorsEnabled":true,"webStorageEnabled":false,"rotatable":false,"acceptSslCerts":false,"nativeEvents":true,"proxy":{"proxyType":"direct"}}
[INFO  - 2014-06-21T17:19:22.098Z] SessionManagerReqHand - _postNewSessionCommand - New Session Created: 2f8cd2c0-f968-11e3-8d75-d7dccc530cb7
[INFO  - 2014-06-21T17:24:21.987Z] SessionManagerReqHand - _cleanupWindowlessSessions - Asynchronous Sessions clean-up phase starting NOW
[INFO  - 2014-06-21T17:24:22.031Z] SessionManagerReqHand - _cleanupWindowlessSessions - Deleted Session '2f8cd2c0-f968-11e3-8d75-d7dccc530cb7', because windowless
Images":true,"localToRemoteUrlAccessEnabled":false,"userAgent":"Mozilla/5.0 (Windows NT 6.1) AppleWebKit/534.34 (KHTML, like Gecko) PhantomJS/1.9.7 Safari/534.34","webSecurityEnabled":true}
[INFO  - 2014-06-21T17:19:27.405Z] Session [32b64d50-f968-11e3-836d-d3239567feca] - page.customHeaders:  - {}
[INFO  - 2014-06-21T17:19:27.406Z] Session [32b64d50-f968-11e3-836d-d3239567feca] - Session.negotiatedCapabilities - {"browserName":"phantomjs","version":"1.9.7","driverName":"ghostdriver","driverVersion":"1.1.0","platform":"windows-7-32bit","javascriptEnabled":true,"takesScreenshot":true,"handlesAlerts":false,"databaseEnabled":false,"locationContextEnabled":false,"applicationCacheEnabled":false,"browserConnectionEnabled":false,"cssSelectorsEnabled":true,"webStorageEnabled":false,"rotatable":false,"acceptSslCerts":false,"nativeEvents":true,"proxy":{"proxyType":"direct"}}
[INFO  - 2014-06-21T17:19:27.406Z] SessionManagerReqHand - _postNewSessionCommand - New Session Created: 32b64d50-f968-11e3-836d-d3239567feca
[INFO  - 2014-06-21T17:24:27.263Z] SessionManagerReqHand - _cleanupWindowlessSessions - Asynchronous Sessions clean-up phase starting NOW
[INFO  - 2014-06-21T17:24:27.287Z] SessionManagerReqHand - _cleanupWindowlessSessions - Deleted Session '32b64d50-f968-11e3-836d-d3239567feca', because windowless
Images":true,"localToRemoteUrlAccessEnabled":false,"userAgent":"Mozilla/5.0 (Windows NT 6.1) AppleWebKit/534.34 (KHTML, like Gecko) PhantomJS/1.9.7 Safari/534.34","webSecurityEnabled":true}
[INFO  - 2014-06-21T17:19:44.869Z] Session [3d1f8e00-f968-11e3-870f-eb7dfe16a292] - page.customHeaders:  - {}
[INFO  - 2014-06-21T17:19:44.869Z] Session [3d1f8e00-f968-11e3-870f-eb7dfe16a292] - Session.negotiatedCapabilities - {"browserName":"phantomjs","version":"1.9.7","driverName":"ghostdriver","driverVersion":"1.1.0","platform":"windows-7-32bit","javascriptEnabled":true,"takesScreenshot":true,"handlesAlerts":false,"databaseEnabled":false,"locationContextEnabled":false,"applicationCacheEnabled":false,"browserConnectionEnabled":false,"cssSelectorsEnabled":true,"webStorageEnabled":false,"rotatable":false,"acceptSslCerts":false,"nativeEvents":true,"proxy":{"proxyType":"direct"}}
[INFO  - 2014-06-21T17:19:44.869Z] SessionManagerReqHand - _postNewSessionCommand - New Session Created: 3d1f8e00-f968-11e3-870f-eb7dfe16a292
[INFO  - 2014-06-21T17:24:44.844Z] SessionManagerReqHand - _cleanupWindowlessSessions - Asynchronous Sessions clean-up phase starting NOW
[INFO  - 2014-06-21T17:24:44.844Z] SessionManagerReqHand - _cleanupWindowlessSessions - Deleted Session '3d1f8e00-f968-11e3-870f-eb7dfe16a292', because windowless
[INFO  - 2014-06-21T17:26:16.921Z] GhostDriver - Main - running on port 39706
[INFO  - 2014-06-21T17:26:17.569Z] Session [2730f8d0-f969-11e3-a7e7-db17345303ce] - page.settings - {"XSSAuditingEnabled":false,"javascriptCanCloseWindows":true,"javascriptCanOpenWindows":true,"javascriptEnabled":true,"loadImages":true,"localToRemoteUrlAccessEnabled":false,"userAgent":"Mozilla/5.0 (Windows NT 6.1) AppleWebKit/534.34 (KHTML, like Gecko) PhantomJS/1.9.7 Safari/534.34","webSecurityEnabled":true}
[INFO  - 2014-06-21T17:26:17.570Z] Session [2730f8d0-f969-11e3-a7e7-db17345303ce] - page.customHeaders:  - {}
[INFO  - 2014-06-21T17:26:17.570Z] Session [2730f8d0-f969-11e3-a7e7-db17345303ce] - Session.negotiatedCapabilities - {"browserName":"phantomjs","version":"1.9.7","driverName":"ghostdriver","driverVersion":"1.1.0","platform":"windows-7-32bit","javascriptEnabled":true,"takesScreenshot":true,"handlesAlerts":false,"databaseEnabled":false,"locationContextEnabled":false,"applicationCacheEnabled":false,"browserConnectionEnabled":false,"cssSelectorsEnabled":true,"webStorageEnabled":false,"rotatable":false,"acceptSslCerts":false,"nativeEvents":true,"proxy":{"proxyType":"direct"}}
[INFO  - 2014-06-21T17:26:17.570Z] SessionManagerReqHand - _postNewSessionCommand - New Session Created: 2730f8d0-f969-11e3-a7e7-db17345303ce
[INFO  - 2014-06-21T17:31:16.921Z] SessionManagerReqHand - _cleanupWindowlessSessions - Asynchronous Sessions clean-up phase starting NOW
[INFO  - 2014-06-21T17:31:16.921Z] SessionManagerReqHand - _cleanupWindowlessSessions - Deleted Session '2730f8d0-f969-11e3-a7e7-db17345303ce', because windowless
[INFO  - 2014-06-21T18:37:39.402Z] GhostDriver - Main - running on port 24142
[INFO  - 2014-06-21T18:37:40.029Z] Session [1fbc5b80-f973-11e3-b0b8-2538cc4b6fd4] - page.settings - {"XSSAuditingEnabled":false,"javascriptCanCloseWindows":true,"javascriptCanOpenWindows":true,"javascriptEnabled":true,"loadImages":true,"localToRemoteUrlAccessEnabled":false,"userAgent":"Mozilla/5.0 (Windows NT 6.1) AppleWebKit/534.34 (KHTML, like Gecko) PhantomJS/1.9.7 Safari/534.34","webSecurityEnabled":true}
[INFO  - 2014-06-21T18:37:40.029Z] Session [1fbc5b80-f973-11e3-b0b8-2538cc4b6fd4] - page.customHeaders:  - {}
[INFO  - 2014-06-21T18:37:40.029Z] Session [1fbc5b80-f973-11e3-b0b8-2538cc4b6fd4] - Session.negotiatedCapabilities - {"browserName":"phantomjs","version":"1.9.7","driverName":"ghostdriver","driverVersion":"1.1.0","platform":"windows-7-32bit","javascriptEnabled":true,"takesScreenshot":true,"handlesAlerts":false,"databaseEnabled":false,"locationContextEnabled":false,"applicationCacheEnabled":false,"browserConnectionEnabled":false,"cssSelectorsEnabled":true,"webStorageEnabled":false,"rotatable":false,"acceptSslCerts":false,"nativeEvents":true,"proxy":{"proxyType":"direct"}}
[INFO  - 2014-06-21T18:37:40.029Z] SessionManagerReqHand - _postNewSessionCommand - New Session Created: 1fbc5b80-f973-11e3-b0b8-2538cc4b6fd4
[INFO  - 2014-06-21T18:37:51.296Z] ShutdownReqHand - _handle - About to shutdown
[INFO  - 2014-06-21T18:39:01.007Z] GhostDriver - Main - running on port 14618
[INFO  - 2014-06-21T18:39:01.658Z] Session [50637f20-f973-11e3-84ce-5fb058315367] - page.settings - {"XSSAuditingEnabled":false,"javascriptCanCloseWindows":true,"javascriptCanOpenWindows":true,"javascriptEnabled":true,"loadImages":true,"localToRemoteUrlAccessEnabled":false,"userAgent":"Mozilla/5.0 (Windows NT 6.1) AppleWebKit/534.34 (KHTML, like Gecko) PhantomJS/1.9.7 Safari/534.34","webSecurityEnabled":true}
[INFO  - 2014-06-21T18:39:01.658Z] Session [50637f20-f973-11e3-84ce-5fb058315367] - page.customHeaders:  - {}
[INFO  - 2014-06-21T18:39:01.659Z] Session [50637f20-f973-11e3-84ce-5fb058315367] - Session.negotiatedCapabilities - {"browserName":"phantomjs","version":"1.9.7","driverName":"ghostdriver","driverVersion":"1.1.0","platform":"windows-7-32bit","javascriptEnabled":true,"takesScreenshot":true,"handlesAlerts":false,"databaseEnabled":false,"locationContextEnabled":false,"applicationCacheEnabled":false,"browserConnectionEnabled":false,"cssSelectorsEnabled":true,"webStorageEnabled":false,"rotatable":false,"acceptSslCerts":false,"nativeEvents":true,"proxy":{"proxyType":"direct"}}
[INFO  - 2014-06-21T18:39:01.659Z] SessionManagerReqHand - _postNewSessionCommand - New Session Created: 50637f20-f973-11e3-84ce-5fb058315367
[INFO  - 2014-06-21T18:39:10.463Z] ShutdownReqHand - _handle - About to shutdown
[INFO  - 2014-06-21T18:42:04.748Z] GhostDriver - Main - running on port 29370
[INFO  - 2014-06-21T18:42:05.155Z] Session [bdc29c90-f973-11e3-b629-5ba211f2952c] - page.settings - {"XSSAuditingEnabled":false,"javascriptCanCloseWindows":true,"javascriptCanOpenWindows":true,"javascriptEnabled":true,"loadImages":true,"localToRemoteUrlAccessEnabled":false,"userAgent":"Mozilla/5.0 (Windows NT 6.1) AppleWebKit/534.34 (KHTML, like Gecko) PhantomJS/1.9.7 Safari/534.34","webSecurityEnabled":true}
[INFO  - 2014-06-21T18:42:05.155Z] Session [bdc29c90-f973-11e3-b629-5ba211f2952c] - page.customHeaders:  - {}
[INFO  - 2014-06-21T18:42:05.156Z] Session [bdc29c90-f973-11e3-b629-5ba211f2952c] - Session.negotiatedCapabilities - {"browserName":"phantomjs","version":"1.9.7","driverName":"ghostdriver","driverVersion":"1.1.0","platform":"windows-7-32bit","javascriptEnabled":true,"takesScreenshot":true,"handlesAlerts":false,"databaseEnabled":false,"locationContextEnabled":false,"applicationCacheEnabled":false,"browserConnectionEnabled":false,"cssSelectorsEnabled":true,"webStorageEnabled":false,"rotatable":false,"acceptSslCerts":false,"nativeEvents":true,"proxy":{"proxyType":"direct"}}
[INFO  - 2014-06-21T18:42:05.156Z] SessionManagerReqHand - _postNewSessionCommand - New Session Created: bdc29c90-f973-11e3-b629-5ba211f2952c
[INFO  - 2014-06-21T18:42:19.989Z] ShutdownReqHand - _handle - About to shutdown
[INFO  - 2014-06-21T18:48:59.178Z] GhostDriver - Main - running on port 38343
[INFO  - 2014-06-21T18:48:59.440Z] Session [b4b1ca80-f974-11e3-b1c1-a7341ca30278] - page.settings - {"XSSAuditingEnabled":false,"javascriptCanCloseWindows":true,"javascriptCanOpenWindows":true,"javascriptEnabled":true,"loadImages":true,"localToRemoteUrlAccessEnabled":false,"userAgent":"Mozilla/5.0 (Windows NT 6.1) AppleWebKit/534.34 (KHTML, like Gecko) PhantomJS/1.9.7 Safari/534.34","webSecurityEnabled":true}
[INFO  - 2014-06-21T18:48:59.440Z] Session [b4b1ca80-f974-11e3-b1c1-a7341ca30278] - page.customHeaders:  - {}
[INFO  - 2014-06-21T18:48:59.440Z] Session [b4b1ca80-f974-11e3-b1c1-a7341ca30278] - Session.negotiatedCapabilities - {"browserName":"phantomjs","version":"1.9.7","driverName":"ghostdriver","driverVersion":"1.1.0","platform":"windows-7-32bit","javascriptEnabled":true,"takesScreenshot":true,"handlesAlerts":false,"databaseEnabled":false,"locationContextEnabled":false,"applicationCacheEnabled":false,"browserConnectionEnabled":false,"cssSelectorsEnabled":true,"webStorageEnabled":false,"rotatable":false,"acceptSslCerts":false,"nativeEvents":true,"proxy":{"proxyType":"direct"}}
[INFO  - 2014-06-21T18:48:59.441Z] SessionManagerReqHand - _postNewSessionCommand - New Session Created: b4b1ca80-f974-11e3-b1c1-a7341ca30278
[INFO  - 2014-06-21T18:49:08.622Z] ShutdownReqHand - _handle - About to shutdown
[INFO  - 2014-06-21T19:22:40.005Z] GhostDriver - Main - running on port 45682
[INFO  - 2014-06-21T19:22:40.393Z] Session [6946bf10-f979-11e3-af4d-5bf3c6017d2f] - page.settings - {"XSSAuditingEnabled":false,"javascriptCanCloseWindows":true,"javascriptCanOpenWindows":true,"javascriptEnabled":true,"loadImages":true,"localToRemoteUrlAccessEnabled":false,"userAgent":"Mozilla/5.0 (Windows NT 6.1) AppleWebKit/534.34 (KHTML, like Gecko) PhantomJS/1.9.7 Safari/534.34","webSecurityEnabled":true}
[INFO  - 2014-06-21T19:22:40.393Z] Session [6946bf10-f979-11e3-af4d-5bf3c6017d2f] - page.customHeaders:  - {}
[INFO  - 2014-06-21T19:22:40.393Z] Session [6946bf10-f979-11e3-af4d-5bf3c6017d2f] - Session.negotiatedCapabilities - {"browserName":"phantomjs","version":"1.9.7","driverName":"ghostdriver","driverVersion":"1.1.0","platform":"windows-7-32bit","javascriptEnabled":true,"takesScreenshot":true,"handlesAlerts":false,"databaseEnabled":false,"locationContextEnabled":false,"applicationCacheEnabled":false,"browserConnectionEnabled":false,"cssSelectorsEnabled":true,"webStorageEnabled":false,"rotatable":false,"acceptSslCerts":false,"nativeEvents":true,"proxy":{"proxyType":"direct"}}
[INFO  - 2014-06-21T19:22:40.393Z] SessionManagerReqHand - _postNewSessionCommand - New Session Created: 6946bf10-f979-11e3-af4d-5bf3c6017d2f
[INFO  - 2014-06-21T19:22:55.383Z] ShutdownReqHand - _handle - About to shutdown
[INFO  - 2014-06-21T19:35:02.340Z] GhostDriver - Main - running on port 42286
[INFO  - 2014-06-21T19:35:02.744Z] Session [23c0ac10-f97b-11e3-9188-4ffedf5fe7b8] - page.settings - {"XSSAuditingEnabled":false,"javascriptCanCloseWindows":true,"javascriptCanOpenWindows":true,"javascriptEnabled":true,"loadImages":true,"localToRemoteUrlAccessEnabled":false,"userAgent":"Mozilla/5.0 (Windows NT 6.1) AppleWebKit/534.34 (KHTML, like Gecko) PhantomJS/1.9.7 Safari/534.34","webSecurityEnabled":true}
[INFO  - 2014-06-21T19:35:02.744Z] Session [23c0ac10-f97b-11e3-9188-4ffedf5fe7b8] - page.customHeaders:  - {}
[INFO  - 2014-06-21T19:35:02.745Z] Session [23c0ac10-f97b-11e3-9188-4ffedf5fe7b8] - Session.negotiatedCapabilities - {"browserName":"phantomjs","version":"1.9.7","driverName":"ghostdriver","driverVersion":"1.1.0","platform":"windows-7-32bit","javascriptEnabled":true,"takesScreenshot":true,"handlesAlerts":false,"databaseEnabled":false,"locationContextEnabled":false,"applicationCacheEnabled":false,"browserConnectionEnabled":false,"cssSelectorsEnabled":true,"webStorageEnabled":false,"rotatable":false,"acceptSslCerts":false,"nativeEvents":true,"proxy":{"proxyType":"direct"}}
[INFO  - 2014-06-21T19:35:02.745Z] SessionManagerReqHand - _postNewSessionCommand - New Session Created: 23c0ac10-f97b-11e3-9188-4ffedf5fe7b8
[INFO  - 2014-06-21T19:35:10.315Z] ShutdownReqHand - _handle - About to shutdown
[INFO  - 2014-06-21T19:51:51.746Z] GhostDriver - Main - running on port 32711
[INFO  - 2014-06-21T19:51:52.135Z] Session [7d65ab10-f97d-11e3-a739-fb586f24c15e] - page.settings - {"XSSAuditingEnabled":false,"javascriptCanCloseWindows":true,"javascriptCanOpenWindows":true,"javascriptEnabled":true,"loadImages":true,"localToRemoteUrlAccessEnabled":false,"userAgent":"Mozilla/5.0 (Windows NT 6.1) AppleWebKit/534.34 (KHTML, like Gecko) PhantomJS/1.9.7 Safari/534.34","webSecurityEnabled":true}
[INFO  - 2014-06-21T19:51:52.135Z] Session [7d65ab10-f97d-11e3-a739-fb586f24c15e] - page.customHeaders:  - {}
[INFO  - 2014-06-21T19:51:52.135Z] Session [7d65ab10-f97d-11e3-a739-fb586f24c15e] - Session.negotiatedCapabilities - {"browserName":"phantomjs","version":"1.9.7","driverName":"ghostdriver","driverVersion":"1.1.0","platform":"windows-7-32bit","javascriptEnabled":true,"takesScreenshot":true,"handlesAlerts":false,"databaseEnabled":false,"locationContextEnabled":false,"applicationCacheEnabled":false,"browserConnectionEnabled":false,"cssSelectorsEnabled":true,"webStorageEnabled":false,"rotatable":false,"acceptSslCerts":false,"nativeEvents":true,"proxy":{"proxyType":"direct"}}
[INFO  - 2014-06-21T19:51:52.135Z] SessionManagerReqHand - _postNewSessionCommand - New Session Created: 7d65ab10-f97d-11e3-a739-fb586f24c15e
[INFO  - 2014-06-21T19:52:31.824Z] ShutdownReqHand - _handle - About to shutdown
[INFO  - 2014-06-21T19:54:13.717Z] GhostDriver - Main - running on port 29805
[INFO  - 2014-06-21T19:54:14.077Z] Session [d2009a90-f97d-11e3-ab18-07659c2f4aea] - page.settings - {"XSSAuditingEnabled":false,"javascriptCanCloseWindows":true,"javascriptCanOpenWindows":true,"javascriptEnabled":true,"loadImages":true,"localToRemoteUrlAccessEnabled":false,"userAgent":"Mozilla/5.0 (Windows NT 6.1) AppleWebKit/534.34 (KHTML, like Gecko) PhantomJS/1.9.7 Safari/534.34","webSecurityEnabled":true}
[INFO  - 2014-06-21T19:54:14.078Z] Session [d2009a90-f97d-11e3-ab18-07659c2f4aea] - page.customHeaders:  - {}
[INFO  - 2014-06-21T19:54:14.078Z] Session [d2009a90-f97d-11e3-ab18-07659c2f4aea] - Session.negotiatedCapabilities - {"browserName":"phantomjs","version":"1.9.7","driverName":"ghostdriver","driverVersion":"1.1.0","platform":"windows-7-32bit","javascriptEnabled":true,"takesScreenshot":true,"handlesAlerts":false,"databaseEnabled":false,"locationContextEnabled":false,"applicationCacheEnabled":false,"browserConnectionEnabled":false,"cssSelectorsEnabled":true,"webStorageEnabled":false,"rotatable":false,"acceptSslCerts":false,"nativeEvents":true,"proxy":{"proxyType":"direct"}}
[INFO  - 2014-06-21T19:54:14.078Z] SessionManagerReqHand - _postNewSessionCommand - New Session Created: d2009a90-f97d-11e3-ab18-07659c2f4aea
[INFO  - 2014-06-21T19:54:30.766Z] ShutdownReqHand - _handle - About to shutdown
[INFO  - 2014-06-21T19:56:38.319Z] GhostDriver - Main - running on port 45705
[INFO  - 2014-06-21T19:56:38.588Z] Session [28227830-f97e-11e3-aa29-ef838fe68224] - page.settings - {"XSSAuditingEnabled":false,"javascriptCanCloseWindows":true,"javascriptCanOpenWindows":true,"javascriptEnabled":true,"loadImages":true,"localToRemoteUrlAccessEnabled":false,"userAgent":"Mozilla/5.0 (Windows NT 6.1) AppleWebKit/534.34 (KHTML, like Gecko) PhantomJS/1.9.7 Safari/534.34","webSecurityEnabled":true}
[INFO  - 2014-06-21T19:56:38.588Z] Session [28227830-f97e-11e3-aa29-ef838fe68224] - page.customHeaders:  - {}
[INFO  - 2014-06-21T19:56:38.588Z] Session [28227830-f97e-11e3-aa29-ef838fe68224] - Session.negotiatedCapabilities - {"browserName":"phantomjs","version":"1.9.7","driverName":"ghostdriver","driverVersion":"1.1.0","platform":"windows-7-32bit","javascriptEnabled":true,"takesScreenshot":true,"handlesAlerts":false,"databaseEnabled":false,"locationContextEnabled":false,"applicationCacheEnabled":false,"browserConnectionEnabled":false,"cssSelectorsEnabled":true,"webStorageEnabled":false,"rotatable":false,"acceptSslCerts":false,"nativeEvents":true,"proxy":{"proxyType":"direct"}}
[INFO  - 2014-06-21T19:56:38.588Z] SessionManagerReqHand - _postNewSessionCommand - New Session Created: 28227830-f97e-11e3-aa29-ef838fe68224
[INFO  - 2014-06-21T19:56:54.806Z] ShutdownReqHand - _handle - About to shutdown
[INFO  - 2014-06-21T19:59:03.453Z] GhostDriver - Main - running on port 17195
[INFO  - 2014-06-21T19:59:04.075Z] Session [7edaa260-f97e-11e3-ac3b-417ce4640c30] - page.settings - {"XSSAuditingEnabled":false,"javascriptCanCloseWindows":true,"javascriptCanOpenWindows":true,"javascriptEnabled":true,"loadImages":true,"localToRemoteUrlAccessEnabled":false,"userAgent":"Mozilla/5.0 (Windows NT 6.1) AppleWebKit/534.34 (KHTML, like Gecko) PhantomJS/1.9.7 Safari/534.34","webSecurityEnabled":true}
[INFO  - 2014-06-21T19:59:04.075Z] Session [7edaa260-f97e-11e3-ac3b-417ce4640c30] - page.customHeaders:  - {}
[INFO  - 2014-06-21T19:59:04.075Z] Session [7edaa260-f97e-11e3-ac3b-417ce4640c30] - Session.negotiatedCapabilities - {"browserName":"phantomjs","version":"1.9.7","driverName":"ghostdriver","driverVersion":"1.1.0","platform":"windows-7-32bit","javascriptEnabled":true,"takesScreenshot":true,"handlesAlerts":false,"databaseEnabled":false,"locationContextEnabled":false,"applicationCacheEnabled":false,"browserConnectionEnabled":false,"cssSelectorsEnabled":true,"webStorageEnabled":false,"rotatable":false,"acceptSslCerts":false,"nativeEvents":true,"proxy":{"proxyType":"direct"}}
[INFO  - 2014-06-21T19:59:04.076Z] SessionManagerReqHand - _postNewSessionCommand - New Session Created: 7edaa260-f97e-11e3-ac3b-417ce4640c30
[INFO  - 2014-06-21T19:59:13.811Z] ShutdownReqHand - _handle - About to shutdown
[INFO  - 2014-06-21T19:59:32.852Z] GhostDriver - Main - running on port 34952
[INFO  - 2014-06-21T19:59:33.109Z] Session [902890e0-f97e-11e3-aadf-13193dfad9ab] - page.settings - {"XSSAuditingEnabled":false,"javascriptCanCloseWindows":true,"javascriptCanOpenWindows":true,"javascriptEnabled":true,"loadImages":true,"localToRemoteUrlAccessEnabled":false,"userAgent":"Mozilla/5.0 (Windows NT 6.1) AppleWebKit/534.34 (KHTML, like Gecko) PhantomJS/1.9.7 Safari/534.34","webSecurityEnabled":true}
[INFO  - 2014-06-21T19:59:33.109Z] Session [902890e0-f97e-11e3-aadf-13193dfad9ab] - page.customHeaders:  - {}
[INFO  - 2014-06-21T19:59:33.109Z] Session [902890e0-f97e-11e3-aadf-13193dfad9ab] - Session.negotiatedCapabilities - {"browserName":"phantomjs","version":"1.9.7","driverName":"ghostdriver","driverVersion":"1.1.0","platform":"windows-7-32bit","javascriptEnabled":true,"takesScreenshot":true,"handlesAlerts":false,"databaseEnabled":false,"locationContextEnabled":false,"applicationCacheEnabled":false,"browserConnectionEnabled":false,"cssSelectorsEnabled":true,"webStorageEnabled":false,"rotatable":false,"acceptSslCerts":false,"nativeEvents":true,"proxy":{"proxyType":"direct"}}
[INFO  - 2014-06-21T19:59:33.109Z] SessionManagerReqHand - _postNewSessionCommand - New Session Created: 902890e0-f97e-11e3-aadf-13193dfad9ab
[INFO  - 2014-06-21T20:04:32.852Z] SessionManagerReqHand - _cleanupWindowlessSessions - Asynchronous Sessions clean-up phase starting NOW
[INFO  - 2014-06-21T20:09:32.857Z] SessionManagerReqHand - _cleanupWindowlessSessions - Asynchronous Sessions clean-up phase starting NOW
[INFO  - 2014-06-21T20:14:32.859Z] SessionManagerReqHand - _cleanupWindowlessSessions - Asynchronous Sessions clean-up phase starting NOW
[INFO  - 2014-06-21T20:19:32.859Z] SessionManagerReqHand - _cleanupWindowlessSessions - Asynchronous Sessions clean-up phase starting NOW
[INFO  - 2014-06-21T20:24:32.866Z] SessionManagerReqHand - _cleanupWindowlessSessions - Asynchronous Sessions clean-up phase starting NOW
[INFO  - 2014-06-21T20:29:32.866Z] SessionManagerReqHand - _cleanupWindowlessSessions - Asynchronous Sessions clean-up phase starting NOW
[INFO  - 2014-06-21T20:34:32.873Z] SessionManagerReqHand - _cleanupWindowlessSessions - Asynchronous Sessions clean-up phase starting NOW
[INFO  - 2014-06-22T19:47:09.083Z] SessionManagerReqHand - _cleanupWindowlessSessions - Asynchronous Sessions clean-up phase starting NOW
"acceptSslCerts":false,"nativeEvents":true,"proxy":{"proxyType":"direct"}}
[INFO  - 2014-06-21T20:02:22.648Z] SessionManagerReqHand - _postNewSessionCommand - New Session Created: f5367830-f97e-11e3-b5db-3dd9a8986e2b
[INFO  - 2014-06-21T20:02:55.010Z] ShutdownReqHand - _handle - About to shutdown
[INFO  - 2014-06-21T20:03:10.797Z] GhostDriver - Main - running on port 45046
[INFO  - 2014-06-21T20:03:11.121Z] Session [121a8ea0-f97f-11e3-9e61-35c8aa72d4b3] - page.settings - {"XSSAuditingEnabled":false,"javascriptCanCloseWindows":true,"javascriptCanOpenWindows":true,"javascriptEnabled":true,"loadImages":true,"localToRemoteUrlAccessEnabled":false,"userAgent":"Mozilla/5.0 (Windows NT 6.1) AppleWebKit/534.34 (KHTML, like Gecko) PhantomJS/1.9.7 Safari/534.34","webSecurityEnabled":true}
[INFO  - 2014-06-21T20:03:11.121Z] Session [121a8ea0-f97f-11e3-9e61-35c8aa72d4b3] - page.customHeaders:  - {}
[INFO  - 2014-06-21T20:03:11.121Z] Session [121a8ea0-f97f-11e3-9e61-35c8aa72d4b3] - Session.negotiatedCapabilities - {"browserName":"phantomjs","version":"1.9.7","driverName":"ghostdriver","driverVersion":"1.1.0","platform":"windows-7-32bit","javascriptEnabled":true,"takesScreenshot":true,"handlesAlerts":false,"databaseEnabled":false,"locationContextEnabled":false,"applicationCacheEnabled":false,"browserConnectionEnabled":false,"cssSelectorsEnabled":true,"webStorageEnabled":false,"rotatable":false,"acceptSslCerts":false,"nativeEvents":true,"proxy":{"proxyType":"direct"}}
[INFO  - 2014-06-21T20:03:11.121Z] SessionManagerReqHand - _postNewSessionCommand - New Session Created: 121a8ea0-f97f-11e3-9e61-35c8aa72d4b3
[INFO  - 2014-06-21T20:03:13.630Z] ShutdownReqHand - _handle - About to shutdown
